{
  "RSpec": {
    "coverage": {
      "/Users/laurefischer/project_3/surepack/app/models/item.rb": [
        1,
        1,
        1,
        1,
        null,
        1,
        null
      ],
      "/Users/laurefischer/project_3/surepack/app/models/list.rb": [
        1,
        1,
        1,
        1,
        null
      ],
      "/Users/laurefischer/project_3/surepack/app/controllers/lists_controller.rb": [
        1,
        1,
        1,
        null,
        1,
        9,
        null,
        null,
        1,
        10,
        10,
        10,
        null,
        null,
        null,
        1,
        6,
        null,
        null,
        1,
        6,
        6,
        1,
        1,
        null,
        5,
        5,
        null,
        null,
        null,
        1,
        null,
        null,
        1,
        0,
        0,
        0,
        0,
        null,
        0,
        0,
        null,
        null,
        null,
        1,
        0,
        0,
        null,
        0,
        null,
        null,
        1,
        null,
        1,
        6,
        null,
        null,
        1,
        10,
        null,
        null
      ],
      "/Users/laurefischer/project_3/surepack/app/controllers/application_controller.rb": [
        1,
        null,
        null,
        1,
        null
      ],
      "/Users/laurefischer/project_3/surepack/app/controllers/items_controller.rb": [
        1,
        1,
        null,
        null,
        1,
        0,
        0,
        0,
        0,
        null,
        null,
        null,
        1,
        4,
        null,
        null,
        1,
        4,
        4,
        0,
        0,
        null,
        4,
        4,
        4,
        null,
        null,
        null,
        1,
        0,
        0,
        0,
        null,
        null,
        1,
        1,
        1,
        1,
        1,
        1,
        null,
        1,
        1,
        null,
        0,
        0,
        null,
        null,
        null,
        1,
        null,
        1,
        4,
        null,
        null,
        1,
        8,
        null,
        null,
        null
      ]
    },
    "timestamp": 1395962695
  }
}
