{
  "RSpec": {
    "coverage": {
      "/Users/laurefischer/project_3/surepack/app/models/item.rb": [
        1,
        1,
        1,
        null
      ],
      "/Users/laurefischer/project_3/surepack/app/models/list.rb": [
        1,
        1,
        1,
        null
      ],
      "/Users/laurefischer/project_3/surepack/app/controllers/lists_controller.rb": [
        1,
        1,
        null,
        1,
        4,
        null,
        null,
        1,
        1,
        null,
        null,
        1,
        1,
        null,
        null,
        1,
        1,
        1,
        0,
        0,
        null,
        1,
        1,
        null,
        null,
        null,
        1,
        null,
        1,
        1,
        null,
        null
      ],
      "/Users/laurefischer/project_3/surepack/app/controllers/application_controller.rb": [
        1,
        null,
        null,
        1,
        null
      ]
    },
    "timestamp": 1395693420
  }
}
